# JRE version: OpenJDK Runtime Environment AdoptOpenJDK (11.0.8+10) (build 11.0.8+10)
# Java VM: OpenJDK 64-Bit Server VM AdoptOpenJDK (11.0.8+10, mixed mode, tiered, compressed oops, parallel gc, windows-amd64)
Heap:
 PSYoungGen      total 33792K, used 26879K [0x00000000eab00000, 0x00000000ecf80000, 0x0000000100000000)
  eden space 32768K, 79% used [0x00000000eab00000,0x00000000ec47da60,0x00000000ecb00000)
  from space 1024K, 75% used [0x00000000ece00000,0x00000000ecec2560,0x00000000ecf00000)
  to   space 512K, 0% used [0x00000000ecf00000,0x00000000ecf00000,0x00000000ecf80000)
 ParOldGen       total 174080K, used 93322K [0x00000000c0000000, 0x00000000caa00000, 0x00000000eab00000)
  object space 174080K, 53% used [0x00000000c0000000,0x00000000c5b229b8,0x00000000caa00000)
 Metaspace       used 67149K, capacity 70636K, committed 70804K, reserved 1112064K
  class space    used 6552K, capacity 7879K, committed 7936K, reserved 1048576K
GC Heap History (20 events):
Event: 28.187 GC heap before
{Heap before GC invocations=51 (full 5):
 PSYoungGen      total 35840K, used 35103K [0x00000000eab00000, 0x00000000ed200000, 0x0000000100000000)
  eden space 33792K, 100% used [0x00000000eab00000,0x00000000ecc00000,0x00000000ecc00000)
  from space 2048K, 64% used [0x00000000ece80000,0x00000000ecfc7f40,0x00000000ed080000)
  to   space 1536K, 0% used [0x00000000ed080000,0x00000000ed080000,0x00000000ed200000)
 ParOldGen       total 174080K, used 91606K [0x00000000c0000000, 0x00000000caa00000, 0x00000000eab00000)
  object space 174080K, 52% used [0x00000000c0000000,0x00000000c5975bf8,0x00000000caa00000)
 Metaspace       used 65468K, capacity 68915K, committed 69140K, reserved 1110016K
  class space    used 6493K, capacity 7770K, committed 7808K, reserved 1048576K
}
Event: 28.189 GC heap after
{Heap after GC invocations=51 (full 5):
 PSYoungGen      total 34816K, used 1324K [0x00000000eab00000, 0x00000000ed200000, 0x0000000100000000)
  eden space 33280K, 0% used [0x00000000eab00000,0x00000000eab00000,0x00000000ecb80000)
  from space 1536K, 86% used [0x00000000ed080000,0x00000000ed1cb190,0x00000000ed200000)
  to   space 1536K, 0% used [0x00000000ecf00000,0x00000000ecf00000,0x00000000ed080000)
 ParOldGen       total 174080K, used 91614K [0x00000000c0000000, 0x00000000caa00000, 0x00000000eab00000)
  object space 174080K, 52% used [0x00000000c0000000,0x00000000c5977bf8,0x00000000caa00000)
 Metaspace       used 65468K, capacity 68915K, committed 69140K, reserved 1110016K
  class space    used 6493K, capacity 7770K, committed 7808K, reserved 1048576K
}
Event: 28.230 GC heap before
{Heap before GC invocations=52 (full 5):
 PSYoungGen      total 34816K, used 34604K [0x00000000eab00000, 0x00000000ed200000, 0x0000000100000000)
  eden space 33280K, 100% used [0x00000000eab00000,0x00000000ecb80000,0x00000000ecb80000)
  from space 1536K, 86% used [0x00000000ed080000,0x00000000ed1cb190,0x00000000ed200000)
  to   space 1536K, 0% used [0x00000000ecf00000,0x00000000ecf00000,0x00000000ed080000)
 ParOldGen       total 174080K, used 91614K [0x00000000c0000000, 0x00000000caa00000, 0x00000000eab00000)
  object space 174080K, 52% used [0x00000000c0000000,0x00000000c5977bf8,0x00000000caa00000)
 Metaspace       used 65473K, capacity 68915K, committed 69140K, reserved 1110016K
  class space    used 6493K, capacity 7770K, committed 7808K, reserved 1048576K
}
Event: 28.231 GC heap after
{Heap after GC invocations=52 (full 5):
 PSYoungGen      total 34304K, used 1389K [0x00000000eab00000, 0x00000000ed100000, 0x0000000100000000)
  eden space 32768K, 0% used [0x00000000eab00000,0x00000000eab00000,0x00000000ecb00000)
  from space 1536K, 90% used [0x00000000ecf00000,0x00000000ed05b778,0x00000000ed080000)
  to   space 512K, 0% used [0x00000000ed080000,0x00000000ed080000,0x00000000ed100000)
 ParOldGen       total 174080K, used 91614K [0x00000000c0000000, 0x00000000caa00000, 0x00000000eab00000)
  object space 174080K, 52% used [0x00000000c0000000,0x00000000c5977bf8,0x00000000caa00000)
 Metaspace       used 65473K, capacity 68915K, committed 69140K, reserved 1110016K
  class space    used 6493K, capacity 7770K, committed 7808K, reserved 1048576K
}
Event: 28.278 GC heap before
{Heap before GC invocations=53 (full 5):
 PSYoungGen      total 34304K, used 34157K [0x00000000eab00000, 0x00000000ed100000, 0x0000000100000000)
  eden space 32768K, 100% used [0x00000000eab00000,0x00000000ecb00000,0x00000000ecb00000)
  from space 1536K, 90% used [0x00000000ecf00000,0x00000000ed05b778,0x00000000ed080000)
  to   space 512K, 0% used [0x00000000ed080000,0x00000000ed080000,0x00000000ed100000)
 ParOldGen       total 174080K, used 91614K [0x00000000c0000000, 0x00000000caa00000, 0x00000000eab00000)
  object space 174080K, 52% used [0x00000000c0000000,0x00000000c5977bf8,0x00000000caa00000)
 Metaspace       used 65474K, capacity 68915K, committed 69140K, reserved 1110016K
  class space    used 6493K, capacity 7770K, committed 7808K, reserved 1048576K
}
Event: 28.280 GC heap after
{Heap after GC invocations=53 (full 5):
 PSYoungGen      total 33280K, used 489K [0x00000000eab00000, 0x00000000ed100000, 0x0000000100000000)
  eden space 32768K, 0% used [0x00000000eab00000,0x00000000eab00000,0x00000000ecb00000)
  from space 512K, 95% used [0x00000000ed080000,0x00000000ed0fa560,0x00000000ed100000)
  to   space 1536K, 0% used [0x00000000ece00000,0x00000000ece00000,0x00000000ecf80000)
 ParOldGen       total 174080K, used 92469K [0x00000000c0000000, 0x00000000caa00000, 0x00000000eab00000)
  object space 174080K, 53% used [0x00000000c0000000,0x00000000c5a4d668,0x00000000caa00000)
 Metaspace       used 65474K, capacity 68915K, committed 69140K, reserved 1110016K
  class space    used 6493K, capacity 7770K, committed 7808K, reserved 1048576K
}
Event: 69.887 GC heap before
{Heap before GC invocations=54 (full 5):
 PSYoungGen      total 33280K, used 33257K [0x00000000eab00000, 0x00000000ed100000, 0x0000000100000000)
  eden space 32768K, 100% used [0x00000000eab00000,0x00000000ecb00000,0x00000000ecb00000)
  from space 512K, 95% used [0x00000000ed080000,0x00000000ed0fa560,0x00000000ed100000)
  to   space 1536K, 0% used [0x00000000ece00000,0x00000000ece00000,0x00000000ecf80000)
 ParOldGen       total 174080K, used 92469K [0x00000000c0000000, 0x00000000caa00000, 0x00000000eab00000)
  object space 174080K, 53% used [0x00000000c0000000,0x00000000c5a4d668,0x00000000caa00000)
 Metaspace       used 65845K, capacity 69146K, committed 69268K, reserved 1110016K
  class space    used 6520K, capacity 7842K, committed 7936K, reserved 1048576K
}
Event: 69.889 GC heap after
{Heap after GC invocations=54 (full 5):
 PSYoungGen      total 34304K, used 1209K [0x00000000eab00000, 0x00000000ed100000, 0x0000000100000000)
  eden space 32768K, 0% used [0x00000000eab00000,0x00000000eab00000,0x00000000ecb00000)
  from space 1536K, 78% used [0x00000000ece00000,0x00000000ecf2e590,0x00000000ecf80000)
  to   space 1536K, 0% used [0x00000000ecf80000,0x00000000ecf80000,0x00000000ed100000)
 ParOldGen       total 174080K, used 92581K [0x00000000c0000000, 0x00000000caa00000, 0x00000000eab00000)
  object space 174080K, 53% used [0x00000000c0000000,0x00000000c5a69678,0x00000000caa00000)
 Metaspace       used 65845K, capacity 69146K, committed 69268K, reserved 1110016K
  class space    used 6520K, capacity 7842K, committed 7936K, reserved 1048576K
}
Event: 91.594 GC heap before
{Heap before GC invocations=55 (full 5):
 PSYoungGen      total 34304K, used 33977K [0x00000000eab00000, 0x00000000ed100000, 0x0000000100000000)
  eden space 32768K, 100% used [0x00000000eab00000,0x00000000ecb00000,0x00000000ecb00000)
  from space 1536K, 78% used [0x00000000ece00000,0x00000000ecf2e590,0x00000000ecf80000)
  to   space 1536K, 0% used [0x00000000ecf80000,0x00000000ecf80000,0x00000000ed100000)
 ParOldGen       total 174080K, used 92581K [0x00000000c0000000, 0x00000000caa00000, 0x00000000eab00000)
  object space 174080K, 53% used [0x00000000c0000000,0x00000000c5a69678,0x00000000caa00000)
 Metaspace       used 66115K, capacity 69571K, committed 69780K, reserved 1112064K
  class space    used 6524K, capacity 7849K, committed 7936K, reserved 1048576K
}
Event: 91.595 GC heap after
{Heap after GC invocations=55 (full 5):
 PSYoungGen      total 34304K, used 1303K [0x00000000eab00000, 0x00000000ed100000, 0x0000000100000000)
  eden space 32768K, 0% used [0x00000000eab00000,0x00000000eab00000,0x00000000ecb00000)
  from space 1536K, 84% used [0x00000000ecf80000,0x00000000ed0c5f50,0x00000000ed100000)
  to   space 1536K, 0% used [0x00000000ece00000,0x00000000ece00000,0x00000000ecf80000)
 ParOldGen       total 174080K, used 92589K [0x00000000c0000000, 0x00000000caa00000, 0x00000000eab00000)
  object space 174080K, 53% used [0x00000000c0000000,0x00000000c5a6b678,0x00000000caa00000)
 Metaspace       used 66115K, capacity 69571K, committed 69780K, reserved 1112064K
  class space    used 6524K, capacity 7849K, committed 7936K, reserved 1048576K
}
Event: 112.948 GC heap before
{Heap before GC invocations=56 (full 5):
 PSYoungGen      total 34304K, used 34071K [0x00000000eab00000, 0x00000000ed100000, 0x0000000100000000)
  eden space 32768K, 99% used [0x00000000eab00000,0x00000000ecaffff8,0x00000000ecb00000)
  from space 1536K, 84% used [0x00000000ecf80000,0x00000000ed0c5f50,0x00000000ed100000)
  to   space 1536K, 0% used [0x00000000ece00000,0x00000000ece00000,0x00000000ecf80000)
 ParOldGen       total 174080K, used 92589K [0x00000000c0000000, 0x00000000caa00000, 0x00000000eab00000)
  object space 174080K, 53% used [0x00000000c0000000,0x00000000c5a6b678,0x00000000caa00000)
 Metaspace       used 66409K, capacity 69875K, committed 70036K, reserved 1112064K
  class space    used 6535K, capacity 7869K, committed 7936K, reserved 1048576K
}
Event: 112.949 GC heap after
{Heap after GC invocations=56 (full 5):
 PSYoungGen      total 34304K, used 1337K [0x00000000eab00000, 0x00000000ed000000, 0x0000000100000000)
  eden space 32768K, 0% used [0x00000000eab00000,0x00000000eab00000,0x00000000ecb00000)
  from space 1536K, 87% used [0x00000000ece00000,0x00000000ecf4e570,0x00000000ecf80000)
  to   space 512K, 0% used [0x00000000ecf80000,0x00000000ecf80000,0x00000000ed000000)
 ParOldGen       total 174080K, used 92597K [0x00000000c0000000, 0x00000000caa00000, 0x00000000eab00000)
  object space 174080K, 53% used [0x00000000c0000000,0x00000000c5a6d678,0x00000000caa00000)
 Metaspace       used 66409K, capacity 69875K, committed 70036K, reserved 1112064K
  class space    used 6535K, capacity 7869K, committed 7936K, reserved 1048576K
}
Event: 131.075 GC heap before
{Heap before GC invocations=57 (full 5):
 PSYoungGen      total 34304K, used 34105K [0x00000000eab00000, 0x00000000ed000000, 0x0000000100000000)
  eden space 32768K, 100% used [0x00000000eab00000,0x00000000ecb00000,0x00000000ecb00000)
  from space 1536K, 87% used [0x00000000ece00000,0x00000000ecf4e570,0x00000000ecf80000)
  to   space 512K, 0% used [0x00000000ecf80000,0x00000000ecf80000,0x00000000ed000000)
 ParOldGen       total 174080K, used 92597K [0x00000000c0000000, 0x00000000caa00000, 0x00000000eab00000)
  object space 174080K, 53% used [0x00000000c0000000,0x00000000c5a6d678,0x00000000caa00000)
 Metaspace       used 66535K, capacity 69876K, committed 70036K, reserved 1112064K
  class space    used 6535K, capacity 7869K, committed 7936K, reserved 1048576K
}
Event: 131.077 GC heap after
{Heap after GC invocations=57 (full 5):
 PSYoungGen      total 33280K, used 489K [0x00000000eab00000, 0x00000000ed000000, 0x0000000100000000)
  eden space 32768K, 0% used [0x00000000eab00000,0x00000000eab00000,0x00000000ecb00000)
  from space 512K, 95% used [0x00000000ecf80000,0x00000000ecffa560,0x00000000ed000000)
  to   space 1536K, 0% used [0x00000000ecd00000,0x00000000ecd00000,0x00000000ece80000)
 ParOldGen       total 174080K, used 93290K [0x00000000c0000000, 0x00000000caa00000, 0x00000000eab00000)
  object space 174080K, 53% used [0x00000000c0000000,0x00000000c5b1a9b8,0x00000000caa00000)
 Metaspace       used 66535K, capacity 69876K, committed 70036K, reserved 1112064K
  class space    used 6535K, capacity 7869K, committed 7936K, reserved 1048576K
}
Event: 159.301 GC heap before
{Heap before GC invocations=58 (full 5):
 PSYoungGen      total 33280K, used 33257K [0x00000000eab00000, 0x00000000ed000000, 0x0000000100000000)
  eden space 32768K, 100% used [0x00000000eab00000,0x00000000ecb00000,0x00000000ecb00000)
  from space 512K, 95% used [0x00000000ecf80000,0x00000000ecffa560,0x00000000ed000000)
  to   space 1536K, 0% used [0x00000000ecd00000,0x00000000ecd00000,0x00000000ece80000)
 ParOldGen       total 174080K, used 93290K [0x00000000c0000000, 0x00000000caa00000, 0x00000000eab00000)
  object space 174080K, 53% used [0x00000000c0000000,0x00000000c5b1a9b8,0x00000000caa00000)
 Metaspace       used 66619K, capacity 70135K, committed 70292K, reserved 1112064K
  class space    used 6535K, capacity 7869K, committed 7936K, reserved 1048576K
}
Event: 159.302 GC heap after
{Heap after GC invocations=58 (full 5):
 PSYoungGen      total 34304K, used 713K [0x00000000eab00000, 0x00000000ed000000, 0x0000000100000000)
  eden space 32768K, 0% used [0x00000000eab00000,0x00000000eab00000,0x00000000ecb00000)
  from space 1536K, 46% used [0x00000000ecd00000,0x00000000ecdb2560,0x00000000ece80000)
  to   space 1024K, 0% used [0x00000000ecf00000,0x00000000ecf00000,0x00000000ed000000)
 ParOldGen       total 174080K, used 93314K [0x00000000c0000000, 0x00000000caa00000, 0x00000000eab00000)
  object space 174080K, 53% used [0x00000000c0000000,0x00000000c5b209b8,0x00000000caa00000)
 Metaspace       used 66619K, capacity 70135K, committed 70292K, reserved 1112064K
  class space    used 6535K, capacity 7869K, committed 7936K, reserved 1048576K
}
Event: 181.604 GC heap before
{Heap before GC invocations=59 (full 5):
 PSYoungGen      total 34304K, used 33481K [0x00000000eab00000, 0x00000000ed000000, 0x0000000100000000)
  eden space 32768K, 100% used [0x00000000eab00000,0x00000000ecb00000,0x00000000ecb00000)
  from space 1536K, 46% used [0x00000000ecd00000,0x00000000ecdb2560,0x00000000ece80000)
  to   space 1024K, 0% used [0x00000000ecf00000,0x00000000ecf00000,0x00000000ed000000)
 ParOldGen       total 174080K, used 93314K [0x00000000c0000000, 0x00000000caa00000, 0x00000000eab00000)
  object space 174080K, 53% used [0x00000000c0000000,0x00000000c5b209b8,0x00000000caa00000)
 Metaspace       used 66759K, capacity 70330K, committed 70548K, reserved 1112064K
  class space    used 6535K, capacity 7869K, committed 7936K, reserved 1048576K
}
Event: 181.605 GC heap after
{Heap after GC invocations=59 (full 5):
 PSYoungGen      total 33792K, used 777K [0x00000000eab00000, 0x00000000ed000000, 0x0000000100000000)
  eden space 32768K, 0% used [0x00000000eab00000,0x00000000eab00000,0x00000000ecb00000)
  from space 1024K, 75% used [0x00000000ecf00000,0x00000000ecfc2560,0x00000000ed000000)
  to   space 1024K, 0% used [0x00000000ece00000,0x00000000ece00000,0x00000000ecf00000)
 ParOldGen       total 174080K, used 93314K [0x00000000c0000000, 0x00000000caa00000, 0x00000000eab00000)
  object space 174080K, 53% used [0x00000000c0000000,0x00000000c5b209b8,0x00000000caa00000)
 Metaspace       used 66759K, capacity 70330K, committed 70548K, reserved 1112064K
  class space    used 6535K, capacity 7869K, committed 7936K, reserved 1048576K
}
Event: 200.522 GC heap before
{Heap before GC invocations=60 (full 5):
 PSYoungGen      total 33792K, used 33545K [0x00000000eab00000, 0x00000000ed000000, 0x0000000100000000)
  eden space 32768K, 100% used [0x00000000eab00000,0x00000000ecb00000,0x00000000ecb00000)
  from space 1024K, 75% used [0x00000000ecf00000,0x00000000ecfc2560,0x00000000ed000000)
  to   space 1024K, 0% used [0x00000000ece00000,0x00000000ece00000,0x00000000ecf00000)
 ParOldGen       total 174080K, used 93314K [0x00000000c0000000, 0x00000000caa00000, 0x00000000eab00000)
  object space 174080K, 53% used [0x00000000c0000000,0x00000000c5b209b8,0x00000000caa00000)
 Metaspace       used 67060K, capacity 70558K, committed 70804K, reserved 1112064K
  class space    used 6549K, capacity 7877K, committed 7936K, reserved 1048576K
}
Event: 200.525 GC heap after
{Heap after GC invocations=60 (full 5):
 PSYoungGen      total 33792K, used 777K [0x00000000eab00000, 0x00000000ecf80000, 0x0000000100000000)
  eden space 32768K, 0% used [0x00000000eab00000,0x00000000eab00000,0x00000000ecb00000)
  from space 1024K, 75% used [0x00000000ece00000,0x00000000ecec2560,0x00000000ecf00000)
  to   space 512K, 0% used [0x00000000ecf00000,0x00000000ecf00000,0x00000000ecf80000)
 ParOldGen       total 174080K, used 93322K [0x00000000c0000000, 0x00000000caa00000, 0x00000000eab00000)
  object space 174080K, 53% used [0x00000000c0000000,0x00000000c5b229b8,0x00000000caa00000)
 Metaspace       used 67060K, capacity 70558K, committed 70804K, reserved 1112064K
  class space    used 6549K, capacity 7877K, committed 7936K, reserved 1048576K
}

